Determining if the pthread_create exist failed with the following output:
Change Dir: /disk/packages/sky/skywifi/cmake-build-minsizerel/CMakeFiles/CMakeTmp

Run Build Command:"/usr/bin/make" "cmTC_3f878/fast"
/usr/bin/make -f CMakeFiles/cmTC_3f878.dir/build.make CMakeFiles/cmTC_3f878.dir/build
make[1]: Entering directory '/disk/packages/sky/skywifi/cmake-build-minsizerel/CMakeFiles/CMakeTmp'
Building C object CMakeFiles/cmTC_3f878.dir/CheckSymbolExists.c.o
/usr/bin/cc    -o CMakeFiles/cmTC_3f878.dir/CheckSymbolExists.c.o   -c /disk/packages/sky/skywifi/cmake-build-minsizerel/CMakeFiles/CMakeTmp/CheckSymbolExists.c
Linking C executable cmTC_3f878
/usr/local/bin/cmake -E cmake_link_script CMakeFiles/cmTC_3f878.dir/link.txt --verbose=1
/usr/bin/cc      CMakeFiles/cmTC_3f878.dir/CheckSymbolExists.c.o  -o cmTC_3f878 
CMakeFiles/cmTC_3f878.dir/CheckSymbolExists.c.o: In function `main':
CheckSymbolExists.c:(.text+0x16): undefined reference to `pthread_create'
collect2: error: ld returned 1 exit status
CMakeFiles/cmTC_3f878.dir/build.make:97: recipe for target 'cmTC_3f878' failed
make[1]: *** [cmTC_3f878] Error 1
make[1]: Leaving directory '/disk/packages/sky/skywifi/cmake-build-minsizerel/CMakeFiles/CMakeTmp'
Makefile:126: recipe for target 'cmTC_3f878/fast' failed
make: *** [cmTC_3f878/fast] Error 2

File /disk/packages/sky/skywifi/cmake-build-minsizerel/CMakeFiles/CMakeTmp/CheckSymbolExists.c:
/* */
#include <pthread.h>

int main(int argc, char** argv)
{
  (void)argv;
#ifndef pthread_create
  return ((int*)(&pthread_create))[argc];
#else
  (void)argc;
  return 0;
#endif
}

Determining if the function pthread_create exists in the pthreads failed with the following output:
Change Dir: /disk/packages/sky/skywifi/cmake-build-minsizerel/CMakeFiles/CMakeTmp

Run Build Command:"/usr/bin/make" "cmTC_a1f56/fast"
/usr/bin/make -f CMakeFiles/cmTC_a1f56.dir/build.make CMakeFiles/cmTC_a1f56.dir/build
make[1]: Entering directory '/disk/packages/sky/skywifi/cmake-build-minsizerel/CMakeFiles/CMakeTmp'
Building C object CMakeFiles/cmTC_a1f56.dir/CheckFunctionExists.c.o
/usr/bin/cc   -DCHECK_FUNCTION_EXISTS=pthread_create   -o CMakeFiles/cmTC_a1f56.dir/CheckFunctionExists.c.o   -c /usr/local/share/cmake-3.10/Modules/CheckFunctionExists.c
Linking C executable cmTC_a1f56
/usr/local/bin/cmake -E cmake_link_script CMakeFiles/cmTC_a1f56.dir/link.txt --verbose=1
/usr/bin/cc  -DCHECK_FUNCTION_EXISTS=pthread_create    CMakeFiles/cmTC_a1f56.dir/CheckFunctionExists.c.o  -o cmTC_a1f56 -lpthreads 
/usr/bin/ld: cannot find -lpthreads
collect2: error: ld returned 1 exit status
CMakeFiles/cmTC_a1f56.dir/build.make:97: recipe for target 'cmTC_a1f56' failed
make[1]: *** [cmTC_a1f56] Error 1
make[1]: Leaving directory '/disk/packages/sky/skywifi/cmake-build-minsizerel/CMakeFiles/CMakeTmp'
Makefile:126: recipe for target 'cmTC_a1f56/fast' failed
make: *** [cmTC_a1f56/fast] Error 2


