Determining if the pthread_create exist failed with the following output:
Change Dir: /disk/packages/sky/skywifi/cmake-build-debug/CMakeFiles/CMakeTmp

Run Build Command:"/usr/bin/make" "cmTC_687a5/fast"
/usr/bin/make -f CMakeFiles/cmTC_687a5.dir/build.make CMakeFiles/cmTC_687a5.dir/build
make[1]: Entering directory '/disk/packages/sky/skywifi/cmake-build-debug/CMakeFiles/CMakeTmp'
Building C object CMakeFiles/cmTC_687a5.dir/CheckSymbolExists.c.o
/usr/bin/cc    -o CMakeFiles/cmTC_687a5.dir/CheckSymbolExists.c.o   -c /disk/packages/sky/skywifi/cmake-build-debug/CMakeFiles/CMakeTmp/CheckSymbolExists.c
Linking C executable cmTC_687a5
/usr/local/bin/cmake -E cmake_link_script CMakeFiles/cmTC_687a5.dir/link.txt --verbose=1
/usr/bin/cc      CMakeFiles/cmTC_687a5.dir/CheckSymbolExists.c.o  -o cmTC_687a5 
CMakeFiles/cmTC_687a5.dir/CheckSymbolExists.c.o: In function `main':
CheckSymbolExists.c:(.text+0x16): undefined reference to `pthread_create'
collect2: error: ld returned 1 exit status
CMakeFiles/cmTC_687a5.dir/build.make:97: recipe for target 'cmTC_687a5' failed
make[1]: *** [cmTC_687a5] Error 1
make[1]: Leaving directory '/disk/packages/sky/skywifi/cmake-build-debug/CMakeFiles/CMakeTmp'
Makefile:126: recipe for target 'cmTC_687a5/fast' failed
make: *** [cmTC_687a5/fast] Error 2

File /disk/packages/sky/skywifi/cmake-build-debug/CMakeFiles/CMakeTmp/CheckSymbolExists.c:
/* */
#include <pthread.h>

int main(int argc, char** argv)
{
  (void)argv;
#ifndef pthread_create
  return ((int*)(&pthread_create))[argc];
#else
  (void)argc;
  return 0;
#endif
}

Determining if the function pthread_create exists in the pthreads failed with the following output:
Change Dir: /disk/packages/sky/skywifi/cmake-build-debug/CMakeFiles/CMakeTmp

Run Build Command:"/usr/bin/make" "cmTC_61957/fast"
/usr/bin/make -f CMakeFiles/cmTC_61957.dir/build.make CMakeFiles/cmTC_61957.dir/build
make[1]: Entering directory '/disk/packages/sky/skywifi/cmake-build-debug/CMakeFiles/CMakeTmp'
Building C object CMakeFiles/cmTC_61957.dir/CheckFunctionExists.c.o
/usr/bin/cc   -DCHECK_FUNCTION_EXISTS=pthread_create   -o CMakeFiles/cmTC_61957.dir/CheckFunctionExists.c.o   -c /usr/local/share/cmake-3.10/Modules/CheckFunctionExists.c
Linking C executable cmTC_61957
/usr/local/bin/cmake -E cmake_link_script CMakeFiles/cmTC_61957.dir/link.txt --verbose=1
/usr/bin/cc  -DCHECK_FUNCTION_EXISTS=pthread_create    CMakeFiles/cmTC_61957.dir/CheckFunctionExists.c.o  -o cmTC_61957 -lpthreads 
/usr/bin/ld: cannot find -lpthreads
collect2: error: ld returned 1 exit status
CMakeFiles/cmTC_61957.dir/build.make:97: recipe for target 'cmTC_61957' failed
make[1]: *** [cmTC_61957] Error 1
make[1]: Leaving directory '/disk/packages/sky/skywifi/cmake-build-debug/CMakeFiles/CMakeTmp'
Makefile:126: recipe for target 'cmTC_61957/fast' failed
make: *** [cmTC_61957/fast] Error 2


